  GameManager.cpp
C:\Users\cliffsu\Documents\CPPlang\PROJECT02\cppPROJECT02CHESS\cppPROJECT02CHESS\Player.h(11,40): warning C4227: 過時的用法: 已忽略參考上的限定詞
C:\Users\cliffsu\Documents\CPPlang\PROJECT02\cppPROJECT02CHESS\cppPROJECT02CHESS\Player.h(12,43): warning C4227: 過時的用法: 已忽略參考上的限定詞
C:\Users\cliffsu\Documents\CPPlang\PROJECT02\cppPROJECT02CHESS\cppPROJECT02CHESS\Player.h(15,46): warning C4227: 過時的用法: 已忽略參考上的限定詞
C:\Users\cliffsu\Documents\CPPlang\PROJECT02\cppPROJECT02CHESS\cppPROJECT02CHESS\HumanPlayer.h(10,40): warning C4227: 過時的用法: 已忽略參考上的限定詞
C:\Users\cliffsu\Documents\CPPlang\PROJECT02\cppPROJECT02CHESS\cppPROJECT02CHESS\HumanPlayer.h(11,43): warning C4227: 過時的用法: 已忽略參考上的限定詞
C:\Users\cliffsu\Documents\CPPlang\PROJECT02\cppPROJECT02CHESS\cppPROJECT02CHESS\HumanPlayer.h(12,46): warning C4227: 過時的用法: 已忽略參考上的限定詞
C:\Users\cliffsu\Documents\CPPlang\PROJECT02\cppPROJECT02CHESS\cppPROJECT02CHESS\GameManager.cpp(220,21): warning C4018: '<': signed/unsigned 不相符
C:\Users\cliffsu\Documents\CPPlang\PROJECT02\cppPROJECT02CHESS\cppPROJECT02CHESS\GameManager.cpp(299,25): warning C4018: '<': signed/unsigned 不相符
C:\Users\cliffsu\Documents\CPPlang\PROJECT02\cppPROJECT02CHESS\cppPROJECT02CHESS\GameManager.cpp(348,25): warning C4018: '<': signed/unsigned 不相符
C:\Users\cliffsu\Documents\CPPlang\PROJECT02\cppPROJECT02CHESS\cppPROJECT02CHESS\GameManager.cpp(385,20): warning C4018: '<': signed/unsigned 不相符
C:\Users\cliffsu\Documents\CPPlang\PROJECT02\cppPROJECT02CHESS\cppPROJECT02CHESS\GameManager.cpp(396,23): warning C4018: '<': signed/unsigned 不相符
  HumanPlayer.cpp
C:\Users\cliffsu\Documents\CPPlang\PROJECT02\cppPROJECT02CHESS\cppPROJECT02CHESS\Player.h(11,40): warning C4227: 過時的用法: 已忽略參考上的限定詞
C:\Users\cliffsu\Documents\CPPlang\PROJECT02\cppPROJECT02CHESS\cppPROJECT02CHESS\Player.h(12,43): warning C4227: 過時的用法: 已忽略參考上的限定詞
C:\Users\cliffsu\Documents\CPPlang\PROJECT02\cppPROJECT02CHESS\cppPROJECT02CHESS\Player.h(15,46): warning C4227: 過時的用法: 已忽略參考上的限定詞
C:\Users\cliffsu\Documents\CPPlang\PROJECT02\cppPROJECT02CHESS\cppPROJECT02CHESS\HumanPlayer.h(10,40): warning C4227: 過時的用法: 已忽略參考上的限定詞
C:\Users\cliffsu\Documents\CPPlang\PROJECT02\cppPROJECT02CHESS\cppPROJECT02CHESS\HumanPlayer.h(11,43): warning C4227: 過時的用法: 已忽略參考上的限定詞
C:\Users\cliffsu\Documents\CPPlang\PROJECT02\cppPROJECT02CHESS\cppPROJECT02CHESS\HumanPlayer.h(12,46): warning C4227: 過時的用法: 已忽略參考上的限定詞
C:\Users\cliffsu\Documents\CPPlang\PROJECT02\cppPROJECT02CHESS\cppPROJECT02CHESS\HumanPlayer.cpp(33,44): warning C4227: 過時的用法: 已忽略參考上的限定詞
C:\Users\cliffsu\Documents\CPPlang\PROJECT02\cppPROJECT02CHESS\cppPROJECT02CHESS\HumanPlayer.cpp(50,47): warning C4227: 過時的用法: 已忽略參考上的限定詞
C:\Users\cliffsu\Documents\CPPlang\PROJECT02\cppPROJECT02CHESS\cppPROJECT02CHESS\HumanPlayer.cpp(55,50): warning C4227: 過時的用法: 已忽略參考上的限定詞
  Player.cpp
C:\Users\cliffsu\Documents\CPPlang\PROJECT02\cppPROJECT02CHESS\cppPROJECT02CHESS\Player.h(11,40): warning C4227: 過時的用法: 已忽略參考上的限定詞
C:\Users\cliffsu\Documents\CPPlang\PROJECT02\cppPROJECT02CHESS\cppPROJECT02CHESS\Player.h(12,43): warning C4227: 過時的用法: 已忽略參考上的限定詞
C:\Users\cliffsu\Documents\CPPlang\PROJECT02\cppPROJECT02CHESS\cppPROJECT02CHESS\Player.h(15,46): warning C4227: 過時的用法: 已忽略參考上的限定詞
  main.cpp
  正在產生程式碼...
C:\Users\cliffsu\Documents\CPPlang\PROJECT02\cppPROJECT02CHESS\cppPROJECT02CHESS\GameManager.cpp(415): warning C4715: 'GameManager::getkingpos': 不是所有控制路徑都傳回值
  cppPROJECT02CHESS.vcxproj -> C:\Users\cliffsu\Documents\CPPlang\PROJECT02\cppPROJECT02CHESS\Debug\cppPROJECT02CHESS.exe
