  GameManager.cpp
C:\Users\cliffsu\Documents\CPPlang\PROJECT02_side\cppPROJECT02CHESS\cppPROJECT02CHESS\Player.h(10,40): warning C4227: 過時的用法: 已忽略參考上的限定詞
C:\Users\cliffsu\Documents\CPPlang\PROJECT02_side\cppPROJECT02CHESS\cppPROJECT02CHESS\Player.h(11,43): warning C4227: 過時的用法: 已忽略參考上的限定詞
C:\Users\cliffsu\Documents\CPPlang\PROJECT02_side\cppPROJECT02CHESS\cppPROJECT02CHESS\Player.h(13,45): warning C4227: 過時的用法: 已忽略參考上的限定詞
C:\Users\cliffsu\Documents\CPPlang\PROJECT02_side\cppPROJECT02CHESS\cppPROJECT02CHESS\Player.h(14,46): warning C4227: 過時的用法: 已忽略參考上的限定詞
C:\Users\cliffsu\Documents\CPPlang\PROJECT02_side\cppPROJECT02CHESS\cppPROJECT02CHESS\HumanPlayer.h(8,45): warning C4227: 過時的用法: 已忽略參考上的限定詞
C:\Users\cliffsu\Documents\CPPlang\PROJECT02_side\cppPROJECT02CHESS\cppPROJECT02CHESS\HumanPlayer.h(10,40): warning C4227: 過時的用法: 已忽略參考上的限定詞
C:\Users\cliffsu\Documents\CPPlang\PROJECT02_side\cppPROJECT02CHESS\cppPROJECT02CHESS\HumanPlayer.h(11,43): warning C4227: 過時的用法: 已忽略參考上的限定詞
C:\Users\cliffsu\Documents\CPPlang\PROJECT02_side\cppPROJECT02CHESS\cppPROJECT02CHESS\HumanPlayer.h(12,46): warning C4227: 過時的用法: 已忽略參考上的限定詞
C:\Users\cliffsu\Documents\CPPlang\PROJECT02_side\cppPROJECT02CHESS\cppPROJECT02CHESS\RandAIPlayer.h(8,45): warning C4227: 過時的用法: 已忽略參考上的限定詞
C:\Users\cliffsu\Documents\CPPlang\PROJECT02_side\cppPROJECT02CHESS\cppPROJECT02CHESS\RandAIPlayer.h(10,40): warning C4227: 過時的用法: 已忽略參考上的限定詞
C:\Users\cliffsu\Documents\CPPlang\PROJECT02_side\cppPROJECT02CHESS\cppPROJECT02CHESS\RandAIPlayer.h(11,43): warning C4227: 過時的用法: 已忽略參考上的限定詞
C:\Users\cliffsu\Documents\CPPlang\PROJECT02_side\cppPROJECT02CHESS\cppPROJECT02CHESS\RandAIPlayer.h(12,46): warning C4227: 過時的用法: 已忽略參考上的限定詞
C:\Users\cliffsu\Documents\CPPlang\PROJECT02_side\cppPROJECT02CHESS\cppPROJECT02CHESS\WeekAIPlayer.h(8,45): warning C4227: 過時的用法: 已忽略參考上的限定詞
C:\Users\cliffsu\Documents\CPPlang\PROJECT02_side\cppPROJECT02CHESS\cppPROJECT02CHESS\WeekAIPlayer.h(10,40): warning C4227: 過時的用法: 已忽略參考上的限定詞
C:\Users\cliffsu\Documents\CPPlang\PROJECT02_side\cppPROJECT02CHESS\cppPROJECT02CHESS\WeekAIPlayer.h(11,43): warning C4227: 過時的用法: 已忽略參考上的限定詞
C:\Users\cliffsu\Documents\CPPlang\PROJECT02_side\cppPROJECT02CHESS\cppPROJECT02CHESS\WeekAIPlayer.h(12,46): warning C4227: 過時的用法: 已忽略參考上的限定詞
C:\Users\cliffsu\Documents\CPPlang\PROJECT02_side\cppPROJECT02CHESS\cppPROJECT02CHESS\GameManager.cpp(376,12): warning C4244: '引數': 將 'time_t' 轉換為 'unsigned int'，由於類型不同，可能導致資料遺失
C:\Users\cliffsu\Documents\CPPlang\PROJECT02_side\cppPROJECT02CHESS\cppPROJECT02CHESS\GameManager.cpp(469,37): warning C4267: '正在初始化': 將 'size_t' 轉換為 'int'，資料可能遺失
C:\Users\cliffsu\Documents\CPPlang\PROJECT02_side\cppPROJECT02CHESS\cppPROJECT02CHESS\GameManager.cpp(554,36): warning C4267: '正在初始化': 將 'size_t' 轉換為 'int'，資料可能遺失
C:\Users\cliffsu\Documents\CPPlang\PROJECT02_side\cppPROJECT02CHESS\cppPROJECT02CHESS\GameManager.cpp(640): warning C4715: 'GameManager::getkingpos': 不是所有控制路徑都傳回值
  cppPROJECT02CHESS.vcxproj -> C:\Users\cliffsu\Documents\CPPlang\PROJECT02_side\cppPROJECT02CHESS\x64\Debug\cppPROJECT02CHESS.exe
